2025/10/17 11:06:01 Initialized collector client for target-1 (http://128.1.40.151:8080)
2025/10/17 11:06:01 Initialized requester client (http://45.43.63.88:80)
[GIN-debug] [WARNING] Running in "debug" mode. Switch to "release" mode in production.
 - using env:	export GIN_MODE=release
 - using code:	gin.SetMode(gin.ReleaseMode)

[GIN-debug] GET    /config                   --> cpusim/dashboard/api/generated.(*ServerInterfaceWrapper).GetServiceConfig-fm (3 handlers)
[GIN-debug] GET    /experiment-groups        --> cpusim/dashboard/api/generated.(*ServerInterfaceWrapper).ListExperimentGroups-fm (3 handlers)
[GIN-debug] POST   /experiment-groups        --> cpusim/dashboard/api/generated.(*ServerInterfaceWrapper).StartExperimentGroup-fm (3 handlers)
[GIN-debug] GET    /experiment-groups/:groupId --> cpusim/dashboard/api/generated.(*ServerInterfaceWrapper).GetExperimentGroupWithDetails-fm (3 handlers)
[GIN-debug] POST   /experiment-groups/:groupId/resume --> cpusim/dashboard/api/generated.(*ServerInterfaceWrapper).ResumeExperimentGroup-fm (3 handlers)
[GIN-debug] GET    /experiments              --> cpusim/dashboard/api/generated.(*ServerInterfaceWrapper).ListExperiments-fm (3 handlers)
[GIN-debug] POST   /experiments              --> cpusim/dashboard/api/generated.(*ServerInterfaceWrapper).StartExperiment-fm (3 handlers)
[GIN-debug] GET    /experiments/:experimentId --> cpusim/dashboard/api/generated.(*ServerInterfaceWrapper).GetExperimentData-fm (3 handlers)
[GIN-debug] POST   /experiments/:experimentId/stop --> cpusim/dashboard/api/generated.(*ServerInterfaceWrapper).StopExperiment-fm (3 handlers)
[GIN-debug] GET    /health                   --> cpusim/dashboard/api/generated.(*ServerInterfaceWrapper).HealthCheck-fm (3 handlers)
[GIN-debug] GET    /hosts/status             --> cpusim/dashboard/api/generated.(*ServerInterfaceWrapper).GetHostsStatus-fm (3 handlers)
[GIN-debug] GET    /status                   --> cpusim/dashboard/api/generated.(*ServerInterfaceWrapper).GetStatus-fm (3 handlers)
2025/10/17 11:06:01 Starting dashboard server on port 9090
2025/10/17 11:06:01 Configuration loaded from: ./configs/config.json
2025/10/17 11:06:01 Storage path: ./data/dashboard
2025/10/17 11:06:01 Target hosts: 1
2025/10/17 11:06:01 Client host: client-1
[GIN] 2025/10/17 - 11:06:37 | 200 |      228.25µs |             ::1 | GET      "/status"
[GIN] 2025/10/17 - 11:06:37 | 200 |     395.833µs |             ::1 | GET      "/config"
[GIN] 2025/10/17 - 11:06:37 | 200 |    2.732375ms |             ::1 | GET      "/experiments"
[GIN] 2025/10/17 - 11:06:37 | 200 |      78.417µs |             ::1 | GET      "/status"
[GIN] 2025/10/17 - 11:06:37 | 200 |      21.292µs |             ::1 | GET      "/config"
[GIN] 2025/10/17 - 11:06:37 | 200 |     1.41275ms |             ::1 | GET      "/experiments"
[GIN] 2025/10/17 - 11:06:37 | 200 |  301.493292ms |             ::1 | GET      "/hosts/status"
[GIN] 2025/10/17 - 11:06:37 | 200 |     134.857ms |             ::1 | GET      "/hosts/status"
[GIN] 2025/10/17 - 11:06:42 | 200 |      57.625µs |             ::1 | GET      "/config"
[GIN] 2025/10/17 - 11:06:42 | 200 |      33.542µs |             ::1 | GET      "/status"
[GIN] 2025/10/17 - 11:06:42 | 200 |    1.999417ms |             ::1 | GET      "/experiments"
[GIN] 2025/10/17 - 11:06:42 | 200 |      135.09ms |             ::1 | GET      "/hosts/status"
[GIN] 2025/10/17 - 11:06:47 | 200 |     159.541µs |             ::1 | GET      "/config"
[GIN] 2025/10/17 - 11:06:47 | 200 |      47.083µs |             ::1 | GET      "/status"
[GIN] 2025/10/17 - 11:06:47 | 200 |      2.0455ms |             ::1 | GET      "/experiments"
[GIN] 2025/10/17 - 11:06:47 | 200 |  139.517708ms |             ::1 | GET      "/hosts/status"
[GIN] 2025/10/17 - 11:06:52 | 200 |      57.917µs |             ::1 | GET      "/config"
[GIN] 2025/10/17 - 11:06:52 | 200 |      26.875µs |             ::1 | GET      "/status"
[GIN] 2025/10/17 - 11:06:52 | 200 |    1.987959ms |             ::1 | GET      "/experiments"
[GIN] 2025/10/17 - 11:06:52 | 200 |  134.625625ms |             ::1 | GET      "/hosts/status"
[GIN] 2025/10/17 - 11:06:57 | 200 |      86.625µs |             ::1 | GET      "/config"
[GIN] 2025/10/17 - 11:06:57 | 200 |      61.583µs |             ::1 | GET      "/status"
[GIN] 2025/10/17 - 11:06:57 | 200 |       2.793ms |             ::1 | GET      "/experiments"
[GIN] 2025/10/17 - 11:06:57 | 200 |  134.895875ms |             ::1 | GET      "/hosts/status"
[GIN] 2025/10/17 - 11:07:02 | 200 |       57.75µs |             ::1 | GET      "/config"
[GIN] 2025/10/17 - 11:07:02 | 200 |      31.208µs |             ::1 | GET      "/status"
[GIN] 2025/10/17 - 11:07:02 | 200 |    2.658166ms |             ::1 | GET      "/experiments"
[GIN] 2025/10/17 - 11:07:02 | 200 |  135.435625ms |             ::1 | GET      "/hosts/status"
[GIN] 2025/10/17 - 11:07:07 | 200 |      39.708µs |             ::1 | GET      "/status"
[GIN] 2025/10/17 - 11:07:07 | 200 |        62.5µs |             ::1 | GET      "/config"
[GIN] 2025/10/17 - 11:07:07 | 200 |    1.460458ms |             ::1 | GET      "/experiments"
[GIN] 2025/10/17 - 11:07:07 | 200 |  134.758542ms |             ::1 | GET      "/hosts/status"
[GIN] 2025/10/17 - 11:07:12 | 200 |     102.667µs |             ::1 | GET      "/config"
[GIN] 2025/10/17 - 11:07:12 | 200 |     153.416µs |             ::1 | GET      "/status"
[GIN] 2025/10/17 - 11:07:12 | 200 |    2.314042ms |             ::1 | GET      "/experiments"
[GIN] 2025/10/17 - 11:07:12 | 200 |  134.774167ms |             ::1 | GET      "/hosts/status"
[GIN] 2025/10/17 - 11:07:17 | 200 |      48.083µs |             ::1 | GET      "/config"
[GIN] 2025/10/17 - 11:07:17 | 200 |      41.958µs |             ::1 | GET      "/status"
[GIN] 2025/10/17 - 11:07:17 | 200 |    2.034417ms |             ::1 | GET      "/experiments"
[GIN] 2025/10/17 - 11:07:17 | 200 |  134.701583ms |             ::1 | GET      "/hosts/status"
[GIN] 2025/10/17 - 11:07:22 | 200 |     125.833µs |             ::1 | GET      "/config"
[GIN] 2025/10/17 - 11:07:22 | 200 |      74.875µs |             ::1 | GET      "/status"
[GIN] 2025/10/17 - 11:07:22 | 200 |    2.254541ms |             ::1 | GET      "/experiments"
[GIN] 2025/10/17 - 11:07:22 | 200 |  134.867333ms |             ::1 | GET      "/hosts/status"
[GIN] 2025/10/17 - 11:07:27 | 200 |     191.917µs |             ::1 | GET      "/config"
[GIN] 2025/10/17 - 11:07:27 | 200 |        68.5µs |             ::1 | GET      "/status"
[GIN] 2025/10/17 - 11:07:27 | 200 |    3.812292ms |             ::1 | GET      "/experiments"
[GIN] 2025/10/17 - 11:07:27 | 200 |  134.923834ms |             ::1 | GET      "/hosts/status"
[GIN] 2025/10/17 - 11:07:28 | 200 |     1.23275ms |             ::1 | GET      "/experiment-groups"
[GIN] 2025/10/17 - 11:07:28 | 200 |     593.875µs |             ::1 | GET      "/experiment-groups"
[GIN] 2025/10/17 - 11:07:33 | 200 |       1.728ms |             ::1 | GET      "/experiment-groups"
[GIN] 2025/10/17 - 11:07:38 | 200 |     390.916µs |             ::1 | GET      "/experiment-groups"
[GIN] 2025/10/17 - 11:07:43 | 200 |     755.292µs |             ::1 | GET      "/experiment-groups"
[GIN] 2025/10/17 - 11:07:48 | 200 |       620.5µs |             ::1 | GET      "/experiment-groups"
[GIN] 2025/10/17 - 11:07:53 | 200 |         575µs |             ::1 | GET      "/experiment-groups"
[GIN] 2025/10/17 - 11:07:58 | 200 |     946.208µs |             ::1 | GET      "/experiment-groups"
[GIN] 2025/10/17 - 11:08:03 | 200 |    1.356416ms |             ::1 | GET      "/experiment-groups"
[GIN] 2025/10/17 - 11:08:08 | 200 |      942.75µs |             ::1 | GET      "/experiment-groups"
[GIN] 2025/10/17 - 11:08:13 | 200 |     370.875µs |             ::1 | GET      "/experiment-groups"
[GIN] 2025/10/17 - 11:08:18 | 200 |     726.291µs |             ::1 | GET      "/experiment-groups"
[GIN] 2025/10/17 - 11:08:23 | 200 |     637.167µs |             ::1 | GET      "/experiment-groups"
[GIN] 2025/10/17 - 11:08:28 | 200 |     944.583µs |             ::1 | GET      "/experiment-groups"
[GIN] 2025/10/17 - 11:08:33 | 200 |     741.291µs |             ::1 | GET      "/experiment-groups"
[GIN] 2025/10/17 - 11:08:38 | 200 |    1.816875ms |             ::1 | GET      "/experiment-groups"
[GIN] 2025/10/17 - 11:08:43 | 200 |    1.321667ms |             ::1 | GET      "/experiment-groups"
[GIN] 2025/10/17 - 11:08:48 | 200 |    1.183833ms |             ::1 | GET      "/experiment-groups"
[GIN] 2025/10/17 - 11:08:53 | 200 |     978.209µs |             ::1 | GET      "/experiment-groups"
[GIN] 2025/10/17 - 11:08:58 | 200 |    1.744125ms |             ::1 | GET      "/experiment-groups"
[GIN] 2025/10/17 - 11:09:03 | 200 |     529.875µs |             ::1 | GET      "/experiment-groups"
[GIN] 2025/10/17 - 11:09:08 | 200 |     400.833µs |             ::1 | GET      "/experiment-groups"
[GIN] 2025/10/17 - 11:09:13 | 200 |    1.676167ms |             ::1 | GET      "/experiment-groups"
[GIN] 2025/10/17 - 11:09:18 | 200 |     919.041µs |             ::1 | GET      "/experiment-groups"
[GIN] 2025/10/17 - 11:09:23 | 200 |    1.601209ms |             ::1 | GET      "/experiment-groups"
[GIN] 2025/10/17 - 11:09:28 | 200 |    1.521333ms |             ::1 | GET      "/experiment-groups"
[GIN] 2025/10/17 - 11:09:33 | 200 |       384.5µs |             ::1 | GET      "/experiment-groups"
[GIN] 2025/10/17 - 11:09:38 | 200 |    1.361708ms |             ::1 | GET      "/experiment-groups"
[GIN] 2025/10/17 - 11:09:43 | 200 |     716.834µs |             ::1 | GET      "/experiment-groups"
[GIN] 2025/10/17 - 11:09:48 | 200 |     1.18725ms |             ::1 | GET      "/experiment-groups"
[GIN] 2025/10/17 - 11:09:53 | 200 |    1.369833ms |             ::1 | GET      "/experiment-groups"
[GIN] 2025/10/17 - 11:09:58 | 200 |    1.706667ms |             ::1 | GET      "/experiment-groups"
[GIN] 2025/10/17 - 11:10:03 | 200 |      1.5655ms |             ::1 | GET      "/experiment-groups"
[GIN] 2025/10/17 - 11:10:08 | 200 |      799.25µs |             ::1 | GET      "/experiment-groups"
2025/10/17 11:10:09 Shutting down server...
2025/10/17 11:10:09 Error stopping experiment: cannot stop experiment: current status is Pending, must be Running
2025/10/17 11:10:09 Server exited
